<?xml version="1.0" encoding="UTF-8"?>
<testng-results ignored="0" total="1" passed="1" failed="0" skipped="0">
  <reporter-output>
  </reporter-output>
  <suite started-at="2024-10-14T12:09:56 COT" name="Default suite" finished-at="2024-10-14T12:10:12 COT" duration-ms="15353">
    <groups>
    </groups>
    <test started-at="2024-10-14T12:09:56 COT" name="Default test" finished-at="2024-10-14T12:10:12 COT" duration-ms="15353">
      <class name="Launchers.Launcher_Test">
        <test-method is-config="true" signature="chromedriver()[pri:0, instance:Launchers.Launcher_Test@64df9a61]" started-at="2024-10-14T12:09:56 COT" name="chromedriver" finished-at="2024-10-14T12:10:06 COT" duration-ms="9076" status="PASS">
          <reporter-output>
          </reporter-output>
        </test-method> <!-- chromedriver -->
        <test-method signature="prueba()[pri:0, instance:Launchers.Launcher_Test@64df9a61]" started-at="2024-10-14T12:10:06 COT" name="prueba" finished-at="2024-10-14T12:10:12 COT" duration-ms="6197" status="PASS">
          <reporter-output>
          </reporter-output>
        </test-method> <!-- prueba -->
      </class> <!-- Launchers.Launcher_Test -->
    </test> <!-- Default test -->
  </suite> <!-- Default suite -->
</testng-results>
